<?xml version="1.0" encoding="UTF-8"?>
<testsuite name="hello.login.web.session.SessionManagerTest" tests="1" skipped="0" failures="0" errors="0" timestamp="2023-07-27T14:36:51" hostname="johyeonhwaui-MacBookPro.local" time="0.254">
  <properties/>
  <testcase name="sessionTest()" classname="hello.login.web.session.SessionManagerTest" time="0.254"/>
  <system-out><![CDATA[]]></system-out>
  <system-err><![CDATA[]]></system-err>
</testsuite>
